<?xml version="1.0" encoding="UTF-8"?>
<!-- Generated by org.testng.reporters.JUnitXMLReporter -->
<testsuite ignored="6" hostname="DESKTOP-A62QDBA" failures="0" tests="12" name="Regression Test" time="448.733" errors="0" timestamp="2022-08-12T13:20:19 IST">
  <testcase classname="com.tests.LoginTest" name="Email/Password Login Test" time="8.194"/>
  <testcase classname="com.tests.AutoBidTest" name="AutoBidByKeywordSearch" time="57.641"/>
  <testcase classname="com.tests.AutoBidTest" name="AutoBidFromMainCategory" time="47.872"/>
  <testcase classname="com.tests.AutoBidTest" name="AutoBidFromSpecialityStore" time="43.199"/>
  <testcase classname="com.tests.AutoBidTest" name="AutoBidUsingCODOption" time="36.711"/>
  <testcase classname="com.tests.BuyNowTest" name="BuyNowSearchProducyUsingKeyword" time="58.277"/>
  <testcase classname="com.tests.BuyNowTest" name="BuyNowFromMainCategory" time="52.165"/>
  <testcase classname="com.tests.BuyNowTest" name="BuyNowFromSpecialityStore" time="51.537"/>
  <testcase classname="com.tests.BuyNowTest" name="BuyNowUsingCODOption" time="12.036"/>
  <testcase classname="com.tests.DashboardTest" name="DashboardPage" time="52.794"/>
  <testcase classname="com.tests.DashboardTest" name="TotalAuctionAndTotalDeals" time="7.743"/>
  <testcase classname="com.tests.DashboardTest" name="NewProductRequest" time="3.722"/>
  <testcase classname="com.tests.BaseTest" name="@AfterSuite wrapAllUp" time="0.0">
    <ignored/>
  </testcase> <!-- @AfterSuite wrapAllUp -->
  <testcase classname="com.tests.BaseTest" name="@AfterSuite wrapAllUp" time="0.0">
    <ignored/>
  </testcase> <!-- @AfterSuite wrapAllUp -->
  <testcase classname="com.tests.BaseTest" name="@AfterSuite wrapAllUp" time="0.0">
    <ignored/>
  </testcase> <!-- @AfterSuite wrapAllUp -->
  <testcase classname="com.tests.BaseTest" name="@BeforeSuite globalSetup" time="0.0">
    <ignored/>
  </testcase> <!-- @BeforeSuite globalSetup -->
  <testcase classname="com.tests.BaseTest" name="@BeforeSuite globalSetup" time="0.0">
    <ignored/>
  </testcase> <!-- @BeforeSuite globalSetup -->
  <testcase classname="com.tests.BaseTest" name="@BeforeSuite globalSetup" time="0.0">
    <ignored/>
  </testcase> <!-- @BeforeSuite globalSetup -->
</testsuite> <!-- Regression Test -->
