<?xml version="1.0" encoding="UTF-8"?>
<!-- Generated by org.testng.reporters.JUnitXMLReporter -->
<testsuite ignored="2" hostname="DESKTOP-VLFRU2T" failures="0" tests="2" name="Test" time="22.529" errors="0" timestamp="2022-07-03T21:45:38 IST">
  <testcase classname="com.tests.LoginTest" name="Login Test" time="3.899"/>
  <testcase classname="com.tests.ProfileTest" name="Profile Test" time="7.832"/>
  <testcase classname="com.tests.BaseTest" name="@AfterSuite wrapAllUp" time="0.0">
    <ignored/>
  </testcase> <!-- @AfterSuite wrapAllUp -->
  <testcase classname="com.tests.BaseTest" name="@BeforeSuite globalSetup" time="0.0">
    <ignored/>
  </testcase> <!-- @BeforeSuite globalSetup -->
</testsuite> <!-- Test -->
