<?xml version="1.0" encoding="UTF-8"?>
<!-- Generated by org.testng.reporters.JUnitXMLReporter -->
<testsuite ignored="8" hostname="DESKTOP-VLFRU2T" failures="1" tests="5" name="Test" time="175.629" errors="0" timestamp="2022-07-10T21:27:46 IST">
  <testcase classname="com.tests.LoginTest" name="Login Test" time="8.351"/>
  <testcase classname="com.tests.LoginOTPTest$LoginTest" name="Login with OTP Test" time="5.074"/>
  <testcase classname="com.tests.RecoverPassTest" name="Recover Password Test" time="8.948"/>
  <testcase classname="com.tests.SignUpTest" name="SignUp Test" time="124.438">
    <failure type="java.lang.AssertionError" message="SignUp successful expected [true] but found [false]">
      <![CDATA[java.lang.AssertionError: SignUp successful expected [true] but found [false]
at com.pages.SignUpPage.signUp(SignUpPage.java:83)
at com.tests.SignUpTest.SignUpPage(SignUpTest.java:17)
at java.base/java.util.ArrayList.forEach(ArrayList.java:1511)
... Removed 30 stack frames]]>
    </failure>
  </testcase> <!-- SignUp Test -->
  <testcase classname="com.tests.ProfileTest" name="Profile Test" time="5.536"/>
  <testcase classname="com.tests.BaseTest" name="@AfterSuite wrapAllUp" time="0.0">
    <ignored/>
  </testcase> <!-- @AfterSuite wrapAllUp -->
  <testcase classname="com.tests.BaseTest" name="@AfterSuite wrapAllUp" time="0.0">
    <ignored/>
  </testcase> <!-- @AfterSuite wrapAllUp -->
  <testcase classname="com.tests.BaseTest" name="@AfterSuite wrapAllUp" time="0.0">
    <ignored/>
  </testcase> <!-- @AfterSuite wrapAllUp -->
  <testcase classname="com.tests.BaseTest" name="@AfterSuite wrapAllUp" time="0.0">
    <ignored/>
  </testcase> <!-- @AfterSuite wrapAllUp -->
  <testcase classname="com.tests.BaseTest" name="@BeforeSuite globalSetup" time="0.0">
    <ignored/>
  </testcase> <!-- @BeforeSuite globalSetup -->
  <testcase classname="com.tests.BaseTest" name="@BeforeSuite globalSetup" time="0.0">
    <ignored/>
  </testcase> <!-- @BeforeSuite globalSetup -->
  <testcase classname="com.tests.BaseTest" name="@BeforeSuite globalSetup" time="0.0">
    <ignored/>
  </testcase> <!-- @BeforeSuite globalSetup -->
  <testcase classname="com.tests.BaseTest" name="@BeforeSuite globalSetup" time="0.0">
    <ignored/>
  </testcase> <!-- @BeforeSuite globalSetup -->
</testsuite> <!-- Test -->
