<?xml version="1.0" encoding="UTF-8"?>
<!-- Generated by org.testng.reporters.JUnitXMLReporter -->
<testsuite ignored="0" hostname="DESKTOP-A62QDBA" failures="0" tests="4" name="Default test" time="79.722" errors="0" timestamp="2022-09-26T17:43:53 IST">
  <testcase classname="com.tests.DashboardTest" name="6. Dashboard verification" time="27.86"/>
  <testcase classname="com.tests.DashboardTest" name="6. Dashboard verification" time="16.282"/>
  <testcase classname="com.tests.DashboardTest" name="6. Dashboard verification" time="10.055"/>
  <testcase classname="com.tests.DashboardTest" name="6. Dashboard verification" time="4.569"/>
</testsuite> <!-- Default test -->
