<?xml version="1.0" encoding="UTF-8"?>
<!-- Generated by org.testng.reporters.JUnitXMLReporter -->
<testsuite ignored="6" hostname="DESKTOP-A62QDBA" failures="0" tests="3" name="Default test" time="34.152" errors="0" timestamp="2022-09-22T12:18:14 IST">
  <testcase classname="com.tests.ProfileTest" name="5. View Profile" time="11.072"/>
  <testcase classname="com.tests.ProfileTest" name="5. View Profile" time="9.39"/>
  <testcase classname="com.tests.ProfileTest" name="5. View Profile" time="7.777"/>
  <testcase classname="com.tests.ProfileTest" name="EditDeliveryAddress" time="0.0">
    <ignored/>
  </testcase> <!-- EditDeliveryAddress -->
  <testcase classname="com.tests.ProfileTest" name="DeleteDeliveryAddress" time="0.0">
    <ignored/>
  </testcase> <!-- DeleteDeliveryAddress -->
  <testcase classname="com.tests.ProfileTest" name="AddDeliveryAddress" time="0.0">
    <ignored/>
  </testcase> <!-- AddDeliveryAddress -->
  <testcase classname="com.tests.ProfileTest" name="Profileimageupload" time="0.0">
    <ignored/>
  </testcase> <!-- Profileimageupload -->
  <testcase classname="com.tests.ProfileTest" name="PasswordUpdate" time="0.0">
    <ignored/>
  </testcase> <!-- PasswordUpdate -->
  <testcase classname="com.tests.ProfileTest" name="PhonenumberUpdate" time="0.0">
    <ignored/>
  </testcase> <!-- PhonenumberUpdate -->
</testsuite> <!-- Default test -->
