<?xml version="1.0" encoding="UTF-8"?>
<testng-results ignored="32" total="53" passed="14" failed="7" skipped="0">
  <reporter-output>
  </reporter-output>
  <suite started-at="2022-11-21T16:08:41 IST" name="Suite" finished-at="2022-11-21T16:35:23 IST" duration-ms="1602163">
    <groups>
    </groups>
    <test started-at="2022-11-21T16:08:41 IST" name="Regression Test Part 1" finished-at="2022-11-21T16:35:23 IST" duration-ms="1602163">
      <class name="com.tests.CouponsTest">
        <test-method is-config="true" signature="setup()[pri:0, instance:com.tests.CouponsTest@7526515b]" started-at="2022-11-21T16:27:42 IST" name="setup" test-instance-name="7. Coupon verification" finished-at="2022-11-21T16:27:43 IST" duration-ms="767" status="PASS">
          <reporter-output>
          </reporter-output>
        </test-method> <!-- setup -->
        <test-method signature="ReferralPage()[pri:0, instance:com.tests.CouponsTest@7526515b]" started-at="2022-11-21T16:27:43 IST" name="ReferralPage" description="1. Referral Page Check!" test-instance-name="7. Coupon verification" finished-at="2022-11-21T16:27:54 IST" duration-ms="11454" status="PASS">
          <reporter-output>
          </reporter-output>
        </test-method> <!-- ReferralPage -->
        <test-method signature="Couponapplyverfication()[pri:1, instance:com.tests.CouponsTest@7526515b]" started-at="2022-11-21T16:27:55 IST" name="Couponapplyverfication" description="2. Couponapplyverfication Check!" test-instance-name="7. Coupon verification" finished-at="2022-11-21T16:29:23 IST" duration-ms="88018" status="PASS">
          <reporter-output>
          </reporter-output>
        </test-method> <!-- Couponapplyverfication -->
        <test-method is-config="true" signature="wrapUp()[pri:0, instance:com.tests.CouponsTest@7526515b]" started-at="2022-11-21T16:29:23 IST" name="wrapUp" test-instance-name="7. Coupon verification" finished-at="2022-11-21T16:29:23 IST" duration-ms="159" status="PASS">
          <reporter-output>
          </reporter-output>
        </test-method> <!-- wrapUp -->
      </class> <!-- com.tests.CouponsTest -->
      <class name="com.tests.StartAuctionTest">
        <test-method is-config="true" signature="setup()[pri:0, instance:com.tests.StartAuctionTest@2a7f1f10]" started-at="2022-11-21T16:08:55 IST" name="setup" test-instance-name="2. Start Auction" finished-at="2022-11-21T16:08:55 IST" duration-ms="715" status="PASS">
          <reporter-output>
          </reporter-output>
        </test-method> <!-- setup -->
        <test-method signature="StartAuctionWay0()[pri:0, instance:com.tests.StartAuctionTest@2a7f1f10]" started-at="2022-11-21T16:08:55 IST" name="StartAuctionWay0" description="1. Search a Product and Start the Auction!" test-instance-name="2. Start Auction" finished-at="2022-11-21T16:09:10 IST" duration-ms="14628" status="PASS">
          <reporter-output>
          </reporter-output>
        </test-method> <!-- StartAuctionWay0 -->
        <test-method is-config="true" signature="wrapUp()[pri:0, instance:com.tests.StartAuctionTest@2a7f1f10]" started-at="2022-11-21T16:09:10 IST" name="wrapUp" test-instance-name="2. Start Auction" finished-at="2022-11-21T16:09:10 IST" duration-ms="139" status="PASS">
          <reporter-output>
          </reporter-output>
        </test-method> <!-- wrapUp -->
      </class> <!-- com.tests.StartAuctionTest -->
      <class name="com.tests.ProfileTest">
        <test-method is-config="true" signature="setup()[pri:0, instance:com.tests.ProfileTest@f78a47e]" started-at="2022-11-21T16:10:59 IST" name="setup" test-instance-name="5. View Profile" finished-at="2022-11-21T16:11:00 IST" duration-ms="684" status="PASS">
          <reporter-output>
          </reporter-output>
        </test-method> <!-- setup -->
        <test-method signature="PersonalInformationUpdate()[pri:1, instance:com.tests.ProfileTest@f78a47e]" started-at="2022-11-21T16:11:00 IST" name="PersonalInformationUpdate" description="1. Validating Profile Update Functionality!" test-instance-name="5. View Profile" finished-at="2022-11-21T16:11:13 IST" duration-ms="13000" status="PASS">
          <reporter-output>
          </reporter-output>
        </test-method> <!-- PersonalInformationUpdate -->
        <test-method signature="Profileimageupload()[pri:2, instance:com.tests.ProfileTest@f78a47e]" started-at="2022-11-21T16:11:13 IST" name="Profileimageupload" description="2. Validating Profile Image Upload Functionality!" test-instance-name="5. View Profile" finished-at="2022-11-21T16:11:16 IST" duration-ms="3182" status="PASS">
          <reporter-output>
          </reporter-output>
        </test-method> <!-- Profileimageupload -->
        <test-method signature="PhonenumberUpdate()[pri:3, instance:com.tests.ProfileTest@f78a47e]" started-at="2022-11-21T16:11:16 IST" name="PhonenumberUpdate" description="3. Validating Phone Number Change!" test-instance-name="5. View Profile" finished-at="2022-11-21T16:12:20 IST" duration-ms="63528" status="PASS">
          <reporter-output>
          </reporter-output>
        </test-method> <!-- PhonenumberUpdate -->
        <test-method signature="PasswordUpdate()[pri:4, instance:com.tests.ProfileTest@f78a47e]" started-at="2022-11-21T16:12:20 IST" name="PasswordUpdate" description="4. Validating Password Change!" test-instance-name="5. View Profile" finished-at="2022-11-21T16:14:33 IST" duration-ms="133219" status="FAIL">
          <exception class="org.openqa.selenium.TimeoutException">
            <message>
              <![CDATA[Expected condition failed: waiting for com.helper.SeleniumHelper$1@73a49597 (tried for 5 second(s) with 3000 milliseconds interval)]]>
            </message>
            <full-stacktrace>
              <![CDATA[org.openqa.selenium.TimeoutException: Expected condition failed: waiting for com.helper.SeleniumHelper$1@73a49597 (tried for 5 second(s) with 3000 milliseconds interval)
at org.openqa.selenium.support.ui.WebDriverWait.timeoutException(WebDriverWait.java:87)
at org.openqa.selenium.support.ui.FluentWait.until(FluentWait.java:231)
at com.helper.SeleniumHelper.waitForElement(SeleniumHelper.java:403)
at com.pages.ProfilePage.changePassword(ProfilePage.java:282)
at com.tests.ProfileTest.PasswordUpdate(ProfileTest.java:42)
at java.base/jdk.internal.reflect.NativeMethodAccessorImpl.invoke0(Native Method)
at java.base/jdk.internal.reflect.NativeMethodAccessorImpl.invoke(NativeMethodAccessorImpl.java:77)
at java.base/jdk.internal.reflect.DelegatingMethodAccessorImpl.invoke(DelegatingMethodAccessorImpl.java:43)
at java.base/java.lang.reflect.Method.invoke(Method.java:568)
at org.testng.internal.MethodInvocationHelper.invokeMethod(MethodInvocationHelper.java:133)
at org.testng.internal.TestInvoker.invokeMethod(TestInvoker.java:598)
at org.testng.internal.TestInvoker.invokeTestMethod(TestInvoker.java:173)
at org.testng.internal.MethodRunner.runInSequence(MethodRunner.java:46)
at org.testng.internal.TestInvoker$MethodInvocationAgent.invoke(TestInvoker.java:824)
at org.testng.internal.TestInvoker.invokeTestMethods(TestInvoker.java:146)
at org.testng.internal.TestMethodWorker.invokeTestMethods(TestMethodWorker.java:146)
at org.testng.internal.TestMethodWorker.run(TestMethodWorker.java:128)
at java.base/java.util.ArrayList.forEach(ArrayList.java:1511)
at org.testng.TestRunner.privateRun(TestRunner.java:794)
at org.testng.TestRunner.run(TestRunner.java:596)
at org.testng.SuiteRunner.runTest(SuiteRunner.java:377)
at org.testng.SuiteRunner.runSequentially(SuiteRunner.java:371)
at org.testng.SuiteRunner.privateRun(SuiteRunner.java:332)
at org.testng.SuiteRunner.run(SuiteRunner.java:276)
at org.testng.SuiteRunnerWorker.runSuite(SuiteRunnerWorker.java:53)
at org.testng.SuiteRunnerWorker.run(SuiteRunnerWorker.java:96)
at org.testng.TestNG.runSuitesSequentially(TestNG.java:1212)
at org.testng.TestNG.runSuitesLocally(TestNG.java:1134)
at org.testng.TestNG.runSuites(TestNG.java:1063)
at org.testng.TestNG.run(TestNG.java:1031)
at org.testng.remote.AbstractRemoteTestNG.run(AbstractRemoteTestNG.java:115)
at org.testng.remote.RemoteTestNG.initAndRun(RemoteTestNG.java:251)
at org.testng.remote.RemoteTestNG.main(RemoteTestNG.java:77)
Caused by: org.openqa.selenium.NoSuchElementException: no such element: Unable to locate element: {"method":"xpath","selector":"//div[@class='ant-notification-notice-message']"}
  (Session info: headless chrome=107.0.5304.107)
For documentation on this error, please visit: https://selenium.dev/exceptions/#no_such_element
Build info: version: '4.3.0', revision: 'a4995e2c09*'
System info: host: 'DESKTOP-VLFRU2T', ip: '192.168.0.128', os.name: 'Windows 11', os.arch: 'amd64', os.version: '10.0', java.version: '17.0.3'
Driver info: org.openqa.selenium.chrome.ChromeDriver
Command: [6ebe08b360a28d052c44fd68343d82e0, findElement {using=xpath, value=//div[@class='ant-notification-notice-message']}]
Capabilities {acceptInsecureCerts: false, browserName: chrome, browserVersion: 107.0.5304.107, chrome: {chromedriverVersion: 107.0.5304.62 (1eec40d3a576..., userDataDir: C:\Users\Gopinath\AppData\L...}, goog:chromeOptions: {debuggerAddress: localhost:62251}, networkConnectionEnabled: false, pageLoadStrategy: normal, platformName: WINDOWS, proxy: Proxy(), se:cdp: ws://localhost:62251/devtoo..., se:cdpVersion: 107.0.5304.107, setWindowRect: true, strictFileInteractability: false, timeouts: {implicit: 0, pageLoad: 300000, script: 30000}, unhandledPromptBehavior: dismiss and notify, webauthn:extension:credBlob: true, webauthn:extension:largeBlob: true, webauthn:virtualAuthenticators: true}
Session ID: 6ebe08b360a28d052c44fd68343d82e0
at jdk.internal.reflect.GeneratedConstructorAccessor25.newInstance(Unknown Source)
at java.base/jdk.internal.reflect.DelegatingConstructorAccessorImpl.newInstance(DelegatingConstructorAccessorImpl.java:45)
at java.base/java.lang.reflect.Constructor.newInstanceWithCaller(Constructor.java:499)
at java.base/java.lang.reflect.Constructor.newInstance(Constructor.java:480)
at org.openqa.selenium.remote.codec.w3c.W3CHttpResponseCodec.createException(W3CHttpResponseCodec.java:200)
at org.openqa.selenium.remote.codec.w3c.W3CHttpResponseCodec.decode(W3CHttpResponseCodec.java:133)
at org.openqa.selenium.remote.codec.w3c.W3CHttpResponseCodec.decode(W3CHttpResponseCodec.java:53)
at org.openqa.selenium.remote.HttpCommandExecutor.execute(HttpCommandExecutor.java:184)
at org.openqa.selenium.remote.service.DriverCommandExecutor.invokeExecute(DriverCommandExecutor.java:167)
at org.openqa.selenium.remote.service.DriverCommandExecutor.execute(DriverCommandExecutor.java:142)
at org.openqa.selenium.remote.RemoteWebDriver.execute(RemoteWebDriver.java:569)
at org.openqa.selenium.remote.ElementLocation$ElementFinder$2.findElement(ElementLocation.java:162)
at org.openqa.selenium.remote.ElementLocation.findElement(ElementLocation.java:60)
at org.openqa.selenium.remote.RemoteWebDriver.findElement(RemoteWebDriver.java:387)
at org.openqa.selenium.remote.RemoteWebDriver.findElement(RemoteWebDriver.java:379)
at org.openqa.selenium.support.pagefactory.DefaultElementLocator.findElement(DefaultElementLocator.java:70)
at org.openqa.selenium.support.pagefactory.internal.LocatingElementHandler.invoke(LocatingElementHandler.java:39)
at jdk.proxy2/jdk.proxy2.$Proxy20.isDisplayed(Unknown Source)
at com.helper.SeleniumHelper$1.apply(SeleniumHelper.java:412)
at com.helper.SeleniumHelper$1.apply(SeleniumHelper.java:1)
at org.openqa.selenium.support.ui.FluentWait.until(FluentWait.java:208)
... 31 more
]]>
            </full-stacktrace>
          </exception> <!-- org.openqa.selenium.TimeoutException -->
          <reporter-output>
          </reporter-output>
        </test-method> <!-- PasswordUpdate -->
        <test-method signature="AddDeliveryAddress()[pri:5, instance:com.tests.ProfileTest@f78a47e]" started-at="2022-11-21T16:14:33 IST" name="AddDeliveryAddress" description="5. Validating Add New Delivery Address!" test-instance-name="5. View Profile" finished-at="2022-11-21T16:20:19 IST" duration-ms="345653" status="FAIL">
          <exception class="org.openqa.selenium.TimeoutException">
            <message>
              <![CDATA[Expected condition failed: waiting for com.helper.SeleniumHelper$1@31fe0ce5 (tried for 5 second(s) with 3000 milliseconds interval)]]>
            </message>
            <full-stacktrace>
              <![CDATA[org.openqa.selenium.TimeoutException: Expected condition failed: waiting for com.helper.SeleniumHelper$1@31fe0ce5 (tried for 5 second(s) with 3000 milliseconds interval)
at org.openqa.selenium.support.ui.WebDriverWait.timeoutException(WebDriverWait.java:87)
at org.openqa.selenium.support.ui.FluentWait.until(FluentWait.java:231)
at com.helper.SeleniumHelper.waitForElement(SeleniumHelper.java:403)
at com.pages.ProfilePage.addNewAddress(ProfilePage.java:319)
at com.tests.ProfileTest.AddDeliveryAddress(ProfileTest.java:50)
at java.base/jdk.internal.reflect.NativeMethodAccessorImpl.invoke0(Native Method)
at java.base/jdk.internal.reflect.NativeMethodAccessorImpl.invoke(NativeMethodAccessorImpl.java:77)
at java.base/jdk.internal.reflect.DelegatingMethodAccessorImpl.invoke(DelegatingMethodAccessorImpl.java:43)
at java.base/java.lang.reflect.Method.invoke(Method.java:568)
at org.testng.internal.MethodInvocationHelper.invokeMethod(MethodInvocationHelper.java:133)
at org.testng.internal.TestInvoker.invokeMethod(TestInvoker.java:598)
at org.testng.internal.TestInvoker.invokeTestMethod(TestInvoker.java:173)
at org.testng.internal.MethodRunner.runInSequence(MethodRunner.java:46)
at org.testng.internal.TestInvoker$MethodInvocationAgent.invoke(TestInvoker.java:824)
at org.testng.internal.TestInvoker.invokeTestMethods(TestInvoker.java:146)
at org.testng.internal.TestMethodWorker.invokeTestMethods(TestMethodWorker.java:146)
at org.testng.internal.TestMethodWorker.run(TestMethodWorker.java:128)
at java.base/java.util.ArrayList.forEach(ArrayList.java:1511)
at org.testng.TestRunner.privateRun(TestRunner.java:794)
at org.testng.TestRunner.run(TestRunner.java:596)
at org.testng.SuiteRunner.runTest(SuiteRunner.java:377)
at org.testng.SuiteRunner.runSequentially(SuiteRunner.java:371)
at org.testng.SuiteRunner.privateRun(SuiteRunner.java:332)
at org.testng.SuiteRunner.run(SuiteRunner.java:276)
at org.testng.SuiteRunnerWorker.runSuite(SuiteRunnerWorker.java:53)
at org.testng.SuiteRunnerWorker.run(SuiteRunnerWorker.java:96)
at org.testng.TestNG.runSuitesSequentially(TestNG.java:1212)
at org.testng.TestNG.runSuitesLocally(TestNG.java:1134)
at org.testng.TestNG.runSuites(TestNG.java:1063)
at org.testng.TestNG.run(TestNG.java:1031)
at org.testng.remote.AbstractRemoteTestNG.run(AbstractRemoteTestNG.java:115)
at org.testng.remote.RemoteTestNG.initAndRun(RemoteTestNG.java:251)
at org.testng.remote.RemoteTestNG.main(RemoteTestNG.java:77)
Caused by: org.openqa.selenium.NoSuchElementException: no such element: Unable to locate element: {"method":"xpath","selector":"//input[@id='city']"}
  (Session info: headless chrome=107.0.5304.107)
For documentation on this error, please visit: https://selenium.dev/exceptions/#no_such_element
Build info: version: '4.3.0', revision: 'a4995e2c09*'
System info: host: 'DESKTOP-VLFRU2T', ip: '192.168.0.128', os.name: 'Windows 11', os.arch: 'amd64', os.version: '10.0', java.version: '17.0.3'
Driver info: org.openqa.selenium.chrome.ChromeDriver
Command: [6ebe08b360a28d052c44fd68343d82e0, findElement {using=xpath, value=//input[@id='city']}]
Capabilities {acceptInsecureCerts: false, browserName: chrome, browserVersion: 107.0.5304.107, chrome: {chromedriverVersion: 107.0.5304.62 (1eec40d3a576..., userDataDir: C:\Users\Gopinath\AppData\L...}, goog:chromeOptions: {debuggerAddress: localhost:62251}, networkConnectionEnabled: false, pageLoadStrategy: normal, platformName: WINDOWS, proxy: Proxy(), se:cdp: ws://localhost:62251/devtoo..., se:cdpVersion: 107.0.5304.107, setWindowRect: true, strictFileInteractability: false, timeouts: {implicit: 0, pageLoad: 300000, script: 30000}, unhandledPromptBehavior: dismiss and notify, webauthn:extension:credBlob: true, webauthn:extension:largeBlob: true, webauthn:virtualAuthenticators: true}
Session ID: 6ebe08b360a28d052c44fd68343d82e0
at jdk.internal.reflect.GeneratedConstructorAccessor25.newInstance(Unknown Source)
at java.base/jdk.internal.reflect.DelegatingConstructorAccessorImpl.newInstance(DelegatingConstructorAccessorImpl.java:45)
at java.base/java.lang.reflect.Constructor.newInstanceWithCaller(Constructor.java:499)
at java.base/java.lang.reflect.Constructor.newInstance(Constructor.java:480)
at org.openqa.selenium.remote.codec.w3c.W3CHttpResponseCodec.createException(W3CHttpResponseCodec.java:200)
at org.openqa.selenium.remote.codec.w3c.W3CHttpResponseCodec.decode(W3CHttpResponseCodec.java:133)
at org.openqa.selenium.remote.codec.w3c.W3CHttpResponseCodec.decode(W3CHttpResponseCodec.java:53)
at org.openqa.selenium.remote.HttpCommandExecutor.execute(HttpCommandExecutor.java:184)
at org.openqa.selenium.remote.service.DriverCommandExecutor.invokeExecute(DriverCommandExecutor.java:167)
at org.openqa.selenium.remote.service.DriverCommandExecutor.execute(DriverCommandExecutor.java:142)
at org.openqa.selenium.remote.RemoteWebDriver.execute(RemoteWebDriver.java:569)
at org.openqa.selenium.remote.ElementLocation$ElementFinder$2.findElement(ElementLocation.java:162)
at org.openqa.selenium.remote.ElementLocation.findElement(ElementLocation.java:60)
at org.openqa.selenium.remote.RemoteWebDriver.findElement(RemoteWebDriver.java:387)
at org.openqa.selenium.remote.RemoteWebDriver.findElement(RemoteWebDriver.java:379)
at org.openqa.selenium.support.pagefactory.DefaultElementLocator.findElement(DefaultElementLocator.java:70)
at org.openqa.selenium.support.pagefactory.internal.LocatingElementHandler.invoke(LocatingElementHandler.java:39)
at jdk.proxy2/jdk.proxy2.$Proxy20.isDisplayed(Unknown Source)
at com.helper.SeleniumHelper$1.apply(SeleniumHelper.java:412)
at com.helper.SeleniumHelper$1.apply(SeleniumHelper.java:1)
at org.openqa.selenium.support.ui.FluentWait.until(FluentWait.java:208)
... 31 more
]]>
            </full-stacktrace>
          </exception> <!-- org.openqa.selenium.TimeoutException -->
          <reporter-output>
          </reporter-output>
        </test-method> <!-- AddDeliveryAddress -->
        <test-method signature="EditDeliveryAddress()[pri:6, instance:com.tests.ProfileTest@f78a47e]" started-at="2022-11-21T16:20:19 IST" name="EditDeliveryAddress" description="6. Validating Edit Delivery Address!" test-instance-name="5. View Profile" finished-at="2022-11-21T16:22:28 IST" duration-ms="129260" status="FAIL">
          <exception class="java.lang.AssertionError">
            <message>
              <![CDATA[expected [Address Updated Successfully!] but found [Phone Number Already Exists]]]>
            </message>
            <full-stacktrace>
              <![CDATA[java.lang.AssertionError: expected [Address Updated Successfully!] but found [Phone Number Already Exists]
at org.testng.Assert.fail(Assert.java:99)
at org.testng.Assert.failNotEquals(Assert.java:1037)
at org.testng.Assert.assertEqualsImpl(Assert.java:140)
at org.testng.Assert.assertEquals(Assert.java:122)
at org.testng.Assert.assertEquals(Assert.java:629)
at org.testng.Assert.assertEquals(Assert.java:639)
at com.pages.ProfilePage.deliveryAddressEdit(ProfilePage.java:361)
at com.tests.ProfileTest.EditDeliveryAddress(ProfileTest.java:58)
at java.base/jdk.internal.reflect.NativeMethodAccessorImpl.invoke0(Native Method)
at java.base/jdk.internal.reflect.NativeMethodAccessorImpl.invoke(NativeMethodAccessorImpl.java:77)
at java.base/jdk.internal.reflect.DelegatingMethodAccessorImpl.invoke(DelegatingMethodAccessorImpl.java:43)
at java.base/java.lang.reflect.Method.invoke(Method.java:568)
at org.testng.internal.MethodInvocationHelper.invokeMethod(MethodInvocationHelper.java:133)
at org.testng.internal.TestInvoker.invokeMethod(TestInvoker.java:598)
at org.testng.internal.TestInvoker.invokeTestMethod(TestInvoker.java:173)
at org.testng.internal.MethodRunner.runInSequence(MethodRunner.java:46)
at org.testng.internal.TestInvoker$MethodInvocationAgent.invoke(TestInvoker.java:824)
at org.testng.internal.TestInvoker.invokeTestMethods(TestInvoker.java:146)
at org.testng.internal.TestMethodWorker.invokeTestMethods(TestMethodWorker.java:146)
at org.testng.internal.TestMethodWorker.run(TestMethodWorker.java:128)
at java.base/java.util.ArrayList.forEach(ArrayList.java:1511)
at org.testng.TestRunner.privateRun(TestRunner.java:794)
at org.testng.TestRunner.run(TestRunner.java:596)
at org.testng.SuiteRunner.runTest(SuiteRunner.java:377)
at org.testng.SuiteRunner.runSequentially(SuiteRunner.java:371)
at org.testng.SuiteRunner.privateRun(SuiteRunner.java:332)
at org.testng.SuiteRunner.run(SuiteRunner.java:276)
at org.testng.SuiteRunnerWorker.runSuite(SuiteRunnerWorker.java:53)
at org.testng.SuiteRunnerWorker.run(SuiteRunnerWorker.java:96)
at org.testng.TestNG.runSuitesSequentially(TestNG.java:1212)
at org.testng.TestNG.runSuitesLocally(TestNG.java:1134)
at org.testng.TestNG.runSuites(TestNG.java:1063)
at org.testng.TestNG.run(TestNG.java:1031)
at org.testng.remote.AbstractRemoteTestNG.run(AbstractRemoteTestNG.java:115)
at org.testng.remote.RemoteTestNG.initAndRun(RemoteTestNG.java:251)
at org.testng.remote.RemoteTestNG.main(RemoteTestNG.java:77)
]]>
            </full-stacktrace>
          </exception> <!-- java.lang.AssertionError -->
          <reporter-output>
          </reporter-output>
        </test-method> <!-- EditDeliveryAddress -->
        <test-method signature="DeleteDeliveryAddress()[pri:7, instance:com.tests.ProfileTest@f78a47e]" started-at="2022-11-21T16:22:29 IST" name="DeleteDeliveryAddress" description="7. Validating Delete Delivery Address!" test-instance-name="5. View Profile" finished-at="2022-11-21T16:22:42 IST" duration-ms="13042" status="FAIL">
          <exception class="org.openqa.selenium.json.JsonException">
            <message>
              <![CDATA[java.lang.reflect.InvocationTargetException
Build info: version: '4.3.0', revision: 'a4995e2c09*'
System info: host: 'DESKTOP-VLFRU2T', ip: '192.168.0.128', os.name: 'Windows 11', os.arch: 'amd64', os.version: '10.0', java.version: '17.0.3'
Driver info: org.openqa.selenium.chrome.ChromeDriver
Command: [6ebe08b360a28d052c44fd68343d82e0, actions {actions=[org.openqa.selenium.interactions.Sequence@df6f19b]}]
Capabilities {acceptInsecureCerts: false, browserName: chrome, browserVersion: 107.0.5304.107, chrome: {chromedriverVersion: 107.0.5304.62 (1eec40d3a576..., userDataDir: C:\Users\Gopinath\AppData\L...}, goog:chromeOptions: {debuggerAddress: localhost:62251}, networkConnectionEnabled: false, pageLoadStrategy: normal, platformName: WINDOWS, proxy: Proxy(), se:cdp: ws://localhost:62251/devtoo..., se:cdpVersion: 107.0.5304.107, setWindowRect: true, strictFileInteractability: false, timeouts: {implicit: 0, pageLoad: 300000, script: 30000}, unhandledPromptBehavior: dismiss and notify, webauthn:extension:credBlob: true, webauthn:extension:largeBlob: true, webauthn:virtualAuthenticators: true}
Session ID: 6ebe08b360a28d052c44fd68343d82e0]]>
            </message>
            <full-stacktrace>
              <![CDATA[org.openqa.selenium.json.JsonException: java.lang.reflect.InvocationTargetException
Build info: version: '4.3.0', revision: 'a4995e2c09*'
System info: host: 'DESKTOP-VLFRU2T', ip: '192.168.0.128', os.name: 'Windows 11', os.arch: 'amd64', os.version: '10.0', java.version: '17.0.3'
Driver info: org.openqa.selenium.chrome.ChromeDriver
Command: [6ebe08b360a28d052c44fd68343d82e0, actions {actions=[org.openqa.selenium.interactions.Sequence@df6f19b]}]
Capabilities {acceptInsecureCerts: false, browserName: chrome, browserVersion: 107.0.5304.107, chrome: {chromedriverVersion: 107.0.5304.62 (1eec40d3a576..., userDataDir: C:\Users\Gopinath\AppData\L...}, goog:chromeOptions: {debuggerAddress: localhost:62251}, networkConnectionEnabled: false, pageLoadStrategy: normal, platformName: WINDOWS, proxy: Proxy(), se:cdp: ws://localhost:62251/devtoo..., se:cdpVersion: 107.0.5304.107, setWindowRect: true, strictFileInteractability: false, timeouts: {implicit: 0, pageLoad: 300000, script: 30000}, unhandledPromptBehavior: dismiss and notify, webauthn:extension:credBlob: true, webauthn:extension:largeBlob: true, webauthn:virtualAuthenticators: true}
Session ID: 6ebe08b360a28d052c44fd68343d82e0
at org.openqa.selenium.json.JsonOutput.convertUsingMethod(JsonOutput.java:362)
at org.openqa.selenium.json.JsonOutput.lambda$new$16(JsonOutput.java:154)
at org.openqa.selenium.json.JsonOutput.write(JsonOutput.java:287)
at org.openqa.selenium.json.JsonOutput.lambda$new$22(JsonOutput.java:169)
at java.base/java.util.stream.ForEachOps$ForEachOp$OfRef.accept(ForEachOps.java:183)
at java.base/java.util.stream.ReferencePipeline$2$1.accept(ReferencePipeline.java:179)
at java.base/java.util.Iterator.forEachRemaining(Iterator.java:133)
at java.base/java.util.Spliterators$IteratorSpliterator.forEachRemaining(Spliterators.java:1845)
at java.base/java.util.stream.AbstractPipeline.copyInto(AbstractPipeline.java:509)
at java.base/java.util.stream.AbstractPipeline.wrapAndCopyInto(AbstractPipeline.java:499)
at java.base/java.util.stream.ForEachOps$ForEachOp.evaluateSequential(ForEachOps.java:150)
at java.base/java.util.stream.ForEachOps$ForEachOp$OfRef.evaluateSequential(ForEachOps.java:173)
at java.base/java.util.stream.AbstractPipeline.evaluate(AbstractPipeline.java:234)
at java.base/java.util.stream.ReferencePipeline.forEach(ReferencePipeline.java:596)
at org.openqa.selenium.json.JsonOutput.lambda$new$23(JsonOutput.java:169)
at org.openqa.selenium.json.JsonOutput.write(JsonOutput.java:287)
at org.openqa.selenium.json.JsonOutput.lambda$new$24(JsonOutput.java:182)
at com.google.common.collect.SingletonImmutableBiMap.forEach(SingletonImmutableBiMap.java:68)
at org.openqa.selenium.json.JsonOutput.lambda$new$25(JsonOutput.java:177)
at org.openqa.selenium.json.JsonOutput.write(JsonOutput.java:287)
at org.openqa.selenium.json.JsonOutput.write(JsonOutput.java:278)
at org.openqa.selenium.json.Json.toJson(Json.java:42)
at org.openqa.selenium.remote.codec.AbstractHttpCommandCodec.encode(AbstractHttpCommandCodec.java:259)
at org.openqa.selenium.remote.codec.AbstractHttpCommandCodec.encode(AbstractHttpCommandCodec.java:127)
at org.openqa.selenium.remote.HttpCommandExecutor.execute(HttpCommandExecutor.java:172)
at org.openqa.selenium.remote.service.DriverCommandExecutor.invokeExecute(DriverCommandExecutor.java:167)
at org.openqa.selenium.remote.service.DriverCommandExecutor.execute(DriverCommandExecutor.java:142)
at org.openqa.selenium.remote.RemoteWebDriver.execute(RemoteWebDriver.java:569)
at org.openqa.selenium.remote.RemoteWebDriver.perform(RemoteWebDriver.java:637)
at org.openqa.selenium.interactions.Actions$BuiltAction.perform(Actions.java:567)
at com.helper.SeleniumHelper.moveToElementAndClickOnIt(SeleniumHelper.java:663)
at com.pages.ProfilePage.deliveryAddressDelete(ProfilePage.java:336)
at com.tests.ProfileTest.DeleteDeliveryAddress(ProfileTest.java:66)
at java.base/jdk.internal.reflect.NativeMethodAccessorImpl.invoke0(Native Method)
at java.base/jdk.internal.reflect.NativeMethodAccessorImpl.invoke(NativeMethodAccessorImpl.java:77)
at java.base/jdk.internal.reflect.DelegatingMethodAccessorImpl.invoke(DelegatingMethodAccessorImpl.java:43)
at java.base/java.lang.reflect.Method.invoke(Method.java:568)
at org.testng.internal.MethodInvocationHelper.invokeMethod(MethodInvocationHelper.java:133)
at org.testng.internal.TestInvoker.invokeMethod(TestInvoker.java:598)
at org.testng.internal.TestInvoker.invokeTestMethod(TestInvoker.java:173)
at org.testng.internal.MethodRunner.runInSequence(MethodRunner.java:46)
at org.testng.internal.TestInvoker$MethodInvocationAgent.invoke(TestInvoker.java:824)
at org.testng.internal.TestInvoker.invokeTestMethods(TestInvoker.java:146)
at org.testng.internal.TestMethodWorker.invokeTestMethods(TestMethodWorker.java:146)
at org.testng.internal.TestMethodWorker.run(TestMethodWorker.java:128)
at java.base/java.util.ArrayList.forEach(ArrayList.java:1511)
at org.testng.TestRunner.privateRun(TestRunner.java:794)
at org.testng.TestRunner.run(TestRunner.java:596)
at org.testng.SuiteRunner.runTest(SuiteRunner.java:377)
at org.testng.SuiteRunner.runSequentially(SuiteRunner.java:371)
at org.testng.SuiteRunner.privateRun(SuiteRunner.java:332)
at org.testng.SuiteRunner.run(SuiteRunner.java:276)
at org.testng.SuiteRunnerWorker.runSuite(SuiteRunnerWorker.java:53)
at org.testng.SuiteRunnerWorker.run(SuiteRunnerWorker.java:96)
at org.testng.TestNG.runSuitesSequentially(TestNG.java:1212)
at org.testng.TestNG.runSuitesLocally(TestNG.java:1134)
at org.testng.TestNG.runSuites(TestNG.java:1063)
at org.testng.TestNG.run(TestNG.java:1031)
at org.testng.remote.AbstractRemoteTestNG.run(AbstractRemoteTestNG.java:115)
at org.testng.remote.RemoteTestNG.initAndRun(RemoteTestNG.java:251)
at org.testng.remote.RemoteTestNG.main(RemoteTestNG.java:77)
Suppressed: org.openqa.selenium.json.JsonException: Attempting to close incomplete json stream
Build info: version: '4.3.0', revision: 'a4995e2c09*'
System info: host: 'DESKTOP-VLFRU2T', ip: '192.168.0.128', os.name: 'Windows 11', os.arch: 'amd64', os.version: '10.0', java.version: '17.0.3'
Driver info: driver.version: RemoteWebDriver
at org.openqa.selenium.json.JsonOutput.close(JsonOutput.java:303)
at org.openqa.selenium.json.Json.toJson(Json.java:40)
... 39 more
Caused by: java.lang.reflect.InvocationTargetException
at java.base/jdk.internal.reflect.NativeMethodAccessorImpl.invoke0(Native Method)
at java.base/jdk.internal.reflect.NativeMethodAccessorImpl.invoke(NativeMethodAccessorImpl.java:77)
at java.base/jdk.internal.reflect.DelegatingMethodAccessorImpl.invoke(DelegatingMethodAccessorImpl.java:43)
at java.base/java.lang.reflect.Method.invoke(Method.java:568)
at org.openqa.selenium.json.JsonOutput.convertUsingMethod(JsonOutput.java:358)
... 60 more
Caused by: org.openqa.selenium.NoSuchElementException: no such element: Unable to locate element: {"method":"xpath","selector":"(//span[@aria-label='delete']/parent::button[@type='button'])[2]"}
  (Session info: headless chrome=107.0.5304.107)
For documentation on this error, please visit: https://selenium.dev/exceptions/#no_such_element
Build info: version: '4.3.0', revision: 'a4995e2c09*'
System info: host: 'DESKTOP-VLFRU2T', ip: '192.168.0.128', os.name: 'Windows 11', os.arch: 'amd64', os.version: '10.0', java.version: '17.0.3'
Driver info: org.openqa.selenium.chrome.ChromeDriver
Command: [6ebe08b360a28d052c44fd68343d82e0, findElement {using=xpath, value=(//span[@aria-label='delete']/parent::button[@type='button'])[2]}]
Capabilities {acceptInsecureCerts: false, browserName: chrome, browserVersion: 107.0.5304.107, chrome: {chromedriverVersion: 107.0.5304.62 (1eec40d3a576..., userDataDir: C:\Users\Gopinath\AppData\L...}, goog:chromeOptions: {debuggerAddress: localhost:62251}, networkConnectionEnabled: false, pageLoadStrategy: normal, platformName: WINDOWS, proxy: Proxy(), se:cdp: ws://localhost:62251/devtoo..., se:cdpVersion: 107.0.5304.107, setWindowRect: true, strictFileInteractability: false, timeouts: {implicit: 0, pageLoad: 300000, script: 30000}, unhandledPromptBehavior: dismiss and notify, webauthn:extension:credBlob: true, webauthn:extension:largeBlob: true, webauthn:virtualAuthenticators: true}
Session ID: 6ebe08b360a28d052c44fd68343d82e0
at jdk.internal.reflect.GeneratedConstructorAccessor25.newInstance(Unknown Source)
at java.base/jdk.internal.reflect.DelegatingConstructorAccessorImpl.newInstance(DelegatingConstructorAccessorImpl.java:45)
at java.base/java.lang.reflect.Constructor.newInstanceWithCaller(Constructor.java:499)
at java.base/java.lang.reflect.Constructor.newInstance(Constructor.java:480)
at org.openqa.selenium.remote.codec.w3c.W3CHttpResponseCodec.createException(W3CHttpResponseCodec.java:200)
at org.openqa.selenium.remote.codec.w3c.W3CHttpResponseCodec.decode(W3CHttpResponseCodec.java:133)
at org.openqa.selenium.remote.codec.w3c.W3CHttpResponseCodec.decode(W3CHttpResponseCodec.java:53)
at org.openqa.selenium.remote.HttpCommandExecutor.execute(HttpCommandExecutor.java:184)
at org.openqa.selenium.remote.service.DriverCommandExecutor.invokeExecute(DriverCommandExecutor.java:167)
at org.openqa.selenium.remote.service.DriverCommandExecutor.execute(DriverCommandExecutor.java:142)
at org.openqa.selenium.remote.RemoteWebDriver.execute(RemoteWebDriver.java:569)
at org.openqa.selenium.remote.ElementLocation$ElementFinder$2.findElement(ElementLocation.java:162)
at org.openqa.selenium.remote.ElementLocation.findElement(ElementLocation.java:60)
at org.openqa.selenium.remote.RemoteWebDriver.findElement(RemoteWebDriver.java:387)
at org.openqa.selenium.remote.RemoteWebDriver.findElement(RemoteWebDriver.java:379)
at org.openqa.selenium.support.pagefactory.DefaultElementLocator.findElement(DefaultElementLocator.java:70)
at org.openqa.selenium.support.pagefactory.internal.LocatingElementHandler.invoke(LocatingElementHandler.java:39)
at jdk.proxy2/jdk.proxy2.$Proxy20.getWrappedElement(Unknown Source)
at org.openqa.selenium.interactions.PointerInput$Origin.asArg(PointerInput.java:260)
at org.openqa.selenium.interactions.PointerInput$Move.encode(PointerInput.java:209)
at org.openqa.selenium.interactions.Sequence.encode(Sequence.java:73)
at org.openqa.selenium.interactions.Sequence.toJson(Sequence.java:82)
... 65 more
]]>
            </full-stacktrace>
          </exception> <!-- org.openqa.selenium.json.JsonException -->
          <reporter-output>
          </reporter-output>
        </test-method> <!-- DeleteDeliveryAddress -->
        <test-method is-config="true" signature="wrapUp()[pri:0, instance:com.tests.ProfileTest@f78a47e]" started-at="2022-11-21T16:22:42 IST" name="wrapUp" test-instance-name="5. View Profile" finished-at="2022-11-21T16:22:42 IST" duration-ms="128" status="PASS">
          <reporter-output>
          </reporter-output>
        </test-method> <!-- wrapUp -->
      </class> <!-- com.tests.ProfileTest -->
      <class name="com.tests.SharableLink">
        <test-method is-config="true" signature="setup()[pri:0, instance:com.tests.SharableLink@54c5a2ff]" started-at="2022-11-21T16:35:09 IST" name="setup" test-instance-name="9. Product search and referral page and related product visibility" finished-at="2022-11-21T16:35:09 IST" duration-ms="665" status="PASS">
          <reporter-output>
          </reporter-output>
        </test-method> <!-- setup -->
        <test-method signature="RelatedProduct()[pri:1, instance:com.tests.SharableLink@54c5a2ff]" started-at="2022-11-21T16:35:09 IST" name="RelatedProduct" description="2. Check for related product visibility!" test-instance-name="9. Product search and referral page and related product visibility" finished-at="2022-11-21T16:35:22 IST" duration-ms="13321" status="PASS">
          <reporter-output>
          </reporter-output>
        </test-method> <!-- RelatedProduct -->
        <test-method is-config="true" signature="wrapUp()[pri:0, instance:com.tests.SharableLink@54c5a2ff]" started-at="2022-11-21T16:35:23 IST" name="wrapUp" test-instance-name="9. Product search and referral page and related product visibility" finished-at="2022-11-21T16:35:23 IST" duration-ms="165" status="PASS">
          <reporter-output>
          </reporter-output>
        </test-method> <!-- wrapUp -->
      </class> <!-- com.tests.SharableLink -->
      <class name="com.tests.SearchandFilterTest">
        <test-method is-config="true" signature="setup()[pri:0, instance:com.tests.SearchandFilterTest@1ed4ae0f]" started-at="2022-11-21T16:29:23 IST" name="setup" test-instance-name="8. Search and Filter" finished-at="2022-11-21T16:29:24 IST" duration-ms="666" status="PASS">
          <reporter-output>
          </reporter-output>
        </test-method> <!-- setup -->
        <test-method signature="SearchandFiltercheck()[pri:0, instance:com.tests.SearchandFilterTest@1ed4ae0f]" started-at="2022-11-21T16:29:24 IST" name="SearchandFiltercheck" description="1. Validating Search and Filter!" test-instance-name="8. Search and Filter" finished-at="2022-11-21T16:35:08 IST" duration-ms="344315" status="PASS">
          <reporter-output>
          </reporter-output>
        </test-method> <!-- SearchandFiltercheck -->
        <test-method is-config="true" signature="wrapUp()[pri:0, instance:com.tests.SearchandFilterTest@1ed4ae0f]" started-at="2022-11-21T16:35:08 IST" name="wrapUp" test-instance-name="8. Search and Filter" finished-at="2022-11-21T16:35:09 IST" duration-ms="164" status="PASS">
          <reporter-output>
          </reporter-output>
        </test-method> <!-- wrapUp -->
      </class> <!-- com.tests.SearchandFilterTest -->
      <class name="com.tests.DashboardTest">
        <test-method is-config="true" signature="setup()[pri:0, instance:com.tests.DashboardTest@644baf4a]" started-at="2022-11-21T16:22:42 IST" name="setup" test-instance-name="6. Dashboard verification" finished-at="2022-11-21T16:22:43 IST" duration-ms="800" status="PASS">
          <reporter-output>
          </reporter-output>
        </test-method> <!-- setup -->
        <test-method signature="DashboardTopBar()[pri:0, instance:com.tests.DashboardTest@644baf4a]" started-at="2022-11-21T16:22:43 IST" name="DashboardTopBar" description="1. Top Bar Hyperlinks Check!" test-instance-name="6. Dashboard verification" finished-at="2022-11-21T16:23:01 IST" duration-ms="18442" status="PASS">
          <reporter-output>
          </reporter-output>
        </test-method> <!-- DashboardTopBar -->
        <test-method signature="DashboardBottomBanner()[pri:1, instance:com.tests.DashboardTest@644baf4a]" started-at="2022-11-21T16:23:02 IST" name="DashboardBottomBanner" description="2. Bottom Banner Details &amp; Links Check!" test-instance-name="6. Dashboard verification" finished-at="2022-11-21T16:23:15 IST" duration-ms="12873" status="FAIL">
          <exception class="java.lang.AssertionError">
            <message>
              <![CDATA[expected [true] but found [false]]]>
            </message>
            <full-stacktrace>
              <![CDATA[java.lang.AssertionError: expected [true] but found [false]
at org.testng.Assert.fail(Assert.java:99)
at org.testng.Assert.failNotEquals(Assert.java:1037)
at org.testng.Assert.assertTrue(Assert.java:45)
at org.testng.Assert.assertTrue(Assert.java:55)
at com.pages.DashboardPage.socialNetworkinFooter(DashboardPage.java:308)
at com.tests.DashboardTest.DashboardBottomBanner(DashboardTest.java:28)
at java.base/jdk.internal.reflect.NativeMethodAccessorImpl.invoke0(Native Method)
at java.base/jdk.internal.reflect.NativeMethodAccessorImpl.invoke(NativeMethodAccessorImpl.java:77)
at java.base/jdk.internal.reflect.DelegatingMethodAccessorImpl.invoke(DelegatingMethodAccessorImpl.java:43)
at java.base/java.lang.reflect.Method.invoke(Method.java:568)
at org.testng.internal.MethodInvocationHelper.invokeMethod(MethodInvocationHelper.java:133)
at org.testng.internal.TestInvoker.invokeMethod(TestInvoker.java:598)
at org.testng.internal.TestInvoker.invokeTestMethod(TestInvoker.java:173)
at org.testng.internal.MethodRunner.runInSequence(MethodRunner.java:46)
at org.testng.internal.TestInvoker$MethodInvocationAgent.invoke(TestInvoker.java:824)
at org.testng.internal.TestInvoker.invokeTestMethods(TestInvoker.java:146)
at org.testng.internal.TestMethodWorker.invokeTestMethods(TestMethodWorker.java:146)
at org.testng.internal.TestMethodWorker.run(TestMethodWorker.java:128)
at java.base/java.util.ArrayList.forEach(ArrayList.java:1511)
at org.testng.TestRunner.privateRun(TestRunner.java:794)
at org.testng.TestRunner.run(TestRunner.java:596)
at org.testng.SuiteRunner.runTest(SuiteRunner.java:377)
at org.testng.SuiteRunner.runSequentially(SuiteRunner.java:371)
at org.testng.SuiteRunner.privateRun(SuiteRunner.java:332)
at org.testng.SuiteRunner.run(SuiteRunner.java:276)
at org.testng.SuiteRunnerWorker.runSuite(SuiteRunnerWorker.java:53)
at org.testng.SuiteRunnerWorker.run(SuiteRunnerWorker.java:96)
at org.testng.TestNG.runSuitesSequentially(TestNG.java:1212)
at org.testng.TestNG.runSuitesLocally(TestNG.java:1134)
at org.testng.TestNG.runSuites(TestNG.java:1063)
at org.testng.TestNG.run(TestNG.java:1031)
at org.testng.remote.AbstractRemoteTestNG.run(AbstractRemoteTestNG.java:115)
at org.testng.remote.RemoteTestNG.initAndRun(RemoteTestNG.java:251)
at org.testng.remote.RemoteTestNG.main(RemoteTestNG.java:77)
]]>
            </full-stacktrace>
          </exception> <!-- java.lang.AssertionError -->
          <reporter-output>
          </reporter-output>
        </test-method> <!-- DashboardBottomBanner -->
        <test-method signature="DashboardTotalAuctionandDeals()[pri:2, instance:com.tests.DashboardTest@644baf4a]" started-at="2022-11-21T16:23:15 IST" name="DashboardTotalAuctionandDeals" description="3.Validate Total auction and Total Deals and check" test-instance-name="6. Dashboard verification" finished-at="2022-11-21T16:24:15 IST" duration-ms="60287" status="FAIL">
          <exception class="java.lang.AssertionError">
            <message>
              <![CDATA[expected [MY AUCTIONS] but found [null]]]>
            </message>
            <full-stacktrace>
              <![CDATA[java.lang.AssertionError: expected [MY AUCTIONS] but found [null]
at org.testng.Assert.fail(Assert.java:99)
at org.testng.Assert.failNotEquals(Assert.java:1037)
at org.testng.Assert.assertEqualsImpl(Assert.java:140)
at org.testng.Assert.assertEquals(Assert.java:122)
at org.testng.Assert.assertEquals(Assert.java:629)
at org.testng.Assert.assertEquals(Assert.java:639)
at com.pages.DashboardPage.totalAuction(DashboardPage.java:414)
at com.tests.DashboardTest.DashboardTotalAuctionandDeals(DashboardTest.java:38)
at java.base/jdk.internal.reflect.NativeMethodAccessorImpl.invoke0(Native Method)
at java.base/jdk.internal.reflect.NativeMethodAccessorImpl.invoke(NativeMethodAccessorImpl.java:77)
at java.base/jdk.internal.reflect.DelegatingMethodAccessorImpl.invoke(DelegatingMethodAccessorImpl.java:43)
at java.base/java.lang.reflect.Method.invoke(Method.java:568)
at org.testng.internal.MethodInvocationHelper.invokeMethod(MethodInvocationHelper.java:133)
at org.testng.internal.TestInvoker.invokeMethod(TestInvoker.java:598)
at org.testng.internal.TestInvoker.invokeTestMethod(TestInvoker.java:173)
at org.testng.internal.MethodRunner.runInSequence(MethodRunner.java:46)
at org.testng.internal.TestInvoker$MethodInvocationAgent.invoke(TestInvoker.java:824)
at org.testng.internal.TestInvoker.invokeTestMethods(TestInvoker.java:146)
at org.testng.internal.TestMethodWorker.invokeTestMethods(TestMethodWorker.java:146)
at org.testng.internal.TestMethodWorker.run(TestMethodWorker.java:128)
at java.base/java.util.ArrayList.forEach(ArrayList.java:1511)
at org.testng.TestRunner.privateRun(TestRunner.java:794)
at org.testng.TestRunner.run(TestRunner.java:596)
at org.testng.SuiteRunner.runTest(SuiteRunner.java:377)
at org.testng.SuiteRunner.runSequentially(SuiteRunner.java:371)
at org.testng.SuiteRunner.privateRun(SuiteRunner.java:332)
at org.testng.SuiteRunner.run(SuiteRunner.java:276)
at org.testng.SuiteRunnerWorker.runSuite(SuiteRunnerWorker.java:53)
at org.testng.SuiteRunnerWorker.run(SuiteRunnerWorker.java:96)
at org.testng.TestNG.runSuitesSequentially(TestNG.java:1212)
at org.testng.TestNG.runSuitesLocally(TestNG.java:1134)
at org.testng.TestNG.runSuites(TestNG.java:1063)
at org.testng.TestNG.run(TestNG.java:1031)
at org.testng.remote.AbstractRemoteTestNG.run(AbstractRemoteTestNG.java:115)
at org.testng.remote.RemoteTestNG.initAndRun(RemoteTestNG.java:251)
at org.testng.remote.RemoteTestNG.main(RemoteTestNG.java:77)
]]>
            </full-stacktrace>
          </exception> <!-- java.lang.AssertionError -->
          <reporter-output>
          </reporter-output>
        </test-method> <!-- DashboardTotalAuctionandDeals -->
        <test-method signature="Productrequestcheck()[pri:3, instance:com.tests.DashboardTest@644baf4a]" started-at="2022-11-21T16:24:16 IST" name="Productrequestcheck" description="4. Validate Product Request!" test-instance-name="6. Dashboard verification" finished-at="2022-11-21T16:25:26 IST" duration-ms="70267" status="FAIL">
          <exception class="org.openqa.selenium.NoSuchElementException">
            <message>
              <![CDATA[no such element: Unable to locate element: {"method":"xpath","selector":"//input[@id='Product_Name']"}
  (Session info: headless chrome=107.0.5304.107)
For documentation on this error, please visit: https://selenium.dev/exceptions/#no_such_element
Build info: version: '4.3.0', revision: 'a4995e2c09*'
System info: host: 'DESKTOP-VLFRU2T', ip: '192.168.0.128', os.name: 'Windows 11', os.arch: 'amd64', os.version: '10.0', java.version: '17.0.3'
Driver info: org.openqa.selenium.chrome.ChromeDriver
Command: [49b6c6787e605215ff4878f98437d120, findElement {using=xpath, value=//input[@id='Product_Name']}]
Capabilities {acceptInsecureCerts: false, browserName: chrome, browserVersion: 107.0.5304.107, chrome: {chromedriverVersion: 107.0.5304.62 (1eec40d3a576..., userDataDir: C:\Users\Gopinath\AppData\L...}, goog:chromeOptions: {debuggerAddress: localhost:62342}, networkConnectionEnabled: false, pageLoadStrategy: normal, platformName: WINDOWS, proxy: Proxy(), se:cdp: ws://localhost:62342/devtoo..., se:cdpVersion: 107.0.5304.107, setWindowRect: true, strictFileInteractability: false, timeouts: {implicit: 0, pageLoad: 300000, script: 30000}, unhandledPromptBehavior: dismiss and notify, webauthn:extension:credBlob: true, webauthn:extension:largeBlob: true, webauthn:virtualAuthenticators: true}
Session ID: 49b6c6787e605215ff4878f98437d120]]>
            </message>
            <full-stacktrace>
              <![CDATA[org.openqa.selenium.NoSuchElementException: no such element: Unable to locate element: {"method":"xpath","selector":"//input[@id='Product_Name']"}
  (Session info: headless chrome=107.0.5304.107)
For documentation on this error, please visit: https://selenium.dev/exceptions/#no_such_element
Build info: version: '4.3.0', revision: 'a4995e2c09*'
System info: host: 'DESKTOP-VLFRU2T', ip: '192.168.0.128', os.name: 'Windows 11', os.arch: 'amd64', os.version: '10.0', java.version: '17.0.3'
Driver info: org.openqa.selenium.chrome.ChromeDriver
Command: [49b6c6787e605215ff4878f98437d120, findElement {using=xpath, value=//input[@id='Product_Name']}]
Capabilities {acceptInsecureCerts: false, browserName: chrome, browserVersion: 107.0.5304.107, chrome: {chromedriverVersion: 107.0.5304.62 (1eec40d3a576..., userDataDir: C:\Users\Gopinath\AppData\L...}, goog:chromeOptions: {debuggerAddress: localhost:62342}, networkConnectionEnabled: false, pageLoadStrategy: normal, platformName: WINDOWS, proxy: Proxy(), se:cdp: ws://localhost:62342/devtoo..., se:cdpVersion: 107.0.5304.107, setWindowRect: true, strictFileInteractability: false, timeouts: {implicit: 0, pageLoad: 300000, script: 30000}, unhandledPromptBehavior: dismiss and notify, webauthn:extension:credBlob: true, webauthn:extension:largeBlob: true, webauthn:virtualAuthenticators: true}
Session ID: 49b6c6787e605215ff4878f98437d120
at jdk.internal.reflect.GeneratedConstructorAccessor25.newInstance(Unknown Source)
at java.base/jdk.internal.reflect.DelegatingConstructorAccessorImpl.newInstance(DelegatingConstructorAccessorImpl.java:45)
at java.base/java.lang.reflect.Constructor.newInstanceWithCaller(Constructor.java:499)
at java.base/java.lang.reflect.Constructor.newInstance(Constructor.java:480)
at org.openqa.selenium.remote.codec.w3c.W3CHttpResponseCodec.createException(W3CHttpResponseCodec.java:200)
at org.openqa.selenium.remote.codec.w3c.W3CHttpResponseCodec.decode(W3CHttpResponseCodec.java:133)
at org.openqa.selenium.remote.codec.w3c.W3CHttpResponseCodec.decode(W3CHttpResponseCodec.java:53)
at org.openqa.selenium.remote.HttpCommandExecutor.execute(HttpCommandExecutor.java:184)
at org.openqa.selenium.remote.service.DriverCommandExecutor.invokeExecute(DriverCommandExecutor.java:167)
at org.openqa.selenium.remote.service.DriverCommandExecutor.execute(DriverCommandExecutor.java:142)
at org.openqa.selenium.remote.RemoteWebDriver.execute(RemoteWebDriver.java:569)
at org.openqa.selenium.remote.ElementLocation$ElementFinder$2.findElement(ElementLocation.java:162)
at org.openqa.selenium.remote.ElementLocation.findElement(ElementLocation.java:60)
at org.openqa.selenium.remote.RemoteWebDriver.findElement(RemoteWebDriver.java:387)
at org.openqa.selenium.remote.RemoteWebDriver.findElement(RemoteWebDriver.java:379)
at org.openqa.selenium.support.pagefactory.DefaultElementLocator.findElement(DefaultElementLocator.java:70)
at org.openqa.selenium.support.pagefactory.internal.LocatingElementHandler.invoke(LocatingElementHandler.java:39)
at jdk.proxy2/jdk.proxy2.$Proxy20.sendKeys(Unknown Source)
at com.pages.DashboardPage.productRequest(DashboardPage.java:437)
at com.tests.DashboardTest.Productrequestcheck(DashboardTest.java:45)
at java.base/jdk.internal.reflect.NativeMethodAccessorImpl.invoke0(Native Method)
at java.base/jdk.internal.reflect.NativeMethodAccessorImpl.invoke(NativeMethodAccessorImpl.java:77)
at java.base/jdk.internal.reflect.DelegatingMethodAccessorImpl.invoke(DelegatingMethodAccessorImpl.java:43)
at java.base/java.lang.reflect.Method.invoke(Method.java:568)
at org.testng.internal.MethodInvocationHelper.invokeMethod(MethodInvocationHelper.java:133)
at org.testng.internal.TestInvoker.invokeMethod(TestInvoker.java:598)
at org.testng.internal.TestInvoker.invokeTestMethod(TestInvoker.java:173)
at org.testng.internal.MethodRunner.runInSequence(MethodRunner.java:46)
at org.testng.internal.TestInvoker$MethodInvocationAgent.invoke(TestInvoker.java:824)
at org.testng.internal.TestInvoker.invokeTestMethods(TestInvoker.java:146)
at org.testng.internal.TestMethodWorker.invokeTestMethods(TestMethodWorker.java:146)
at org.testng.internal.TestMethodWorker.run(TestMethodWorker.java:128)
at java.base/java.util.ArrayList.forEach(ArrayList.java:1511)
at org.testng.TestRunner.privateRun(TestRunner.java:794)
at org.testng.TestRunner.run(TestRunner.java:596)
at org.testng.SuiteRunner.runTest(SuiteRunner.java:377)
at org.testng.SuiteRunner.runSequentially(SuiteRunner.java:371)
at org.testng.SuiteRunner.privateRun(SuiteRunner.java:332)
at org.testng.SuiteRunner.run(SuiteRunner.java:276)
at org.testng.SuiteRunnerWorker.runSuite(SuiteRunnerWorker.java:53)
at org.testng.SuiteRunnerWorker.run(SuiteRunnerWorker.java:96)
at org.testng.TestNG.runSuitesSequentially(TestNG.java:1212)
at org.testng.TestNG.runSuitesLocally(TestNG.java:1134)
at org.testng.TestNG.runSuites(TestNG.java:1063)
at org.testng.TestNG.run(TestNG.java:1031)
at org.testng.remote.AbstractRemoteTestNG.run(AbstractRemoteTestNG.java:115)
at org.testng.remote.RemoteTestNG.initAndRun(RemoteTestNG.java:251)
at org.testng.remote.RemoteTestNG.main(RemoteTestNG.java:77)
]]>
            </full-stacktrace>
          </exception> <!-- org.openqa.selenium.NoSuchElementException -->
          <reporter-output>
          </reporter-output>
        </test-method> <!-- Productrequestcheck -->
        <test-method signature="FilterCheck()[pri:4, instance:com.tests.DashboardTest@644baf4a]" started-at="2022-11-21T16:25:26 IST" name="FilterCheck" description="5. Validate Total auction and total deals filter functionality!" test-instance-name="6. Dashboard verification" finished-at="2022-11-21T16:26:23 IST" duration-ms="57208" status="PASS">
          <reporter-output>
          </reporter-output>
        </test-method> <!-- FilterCheck -->
        <test-method signature="DealsAndAuctionRedirecting()[pri:5, instance:com.tests.DashboardTest@644baf4a]" started-at="2022-11-21T16:26:24 IST" name="DealsAndAuctionRedirecting" description="6. Validate redirecting to Home and ProfilePage and view functionality in Total deals and Total Auction" test-instance-name="6. Dashboard verification" finished-at="2022-11-21T16:27:41 IST" duration-ms="77384" status="PASS">
          <reporter-output>
          </reporter-output>
        </test-method> <!-- DealsAndAuctionRedirecting -->
        <test-method is-config="true" signature="wrapUp()[pri:0, instance:com.tests.DashboardTest@644baf4a]" started-at="2022-11-21T16:27:42 IST" name="wrapUp" test-instance-name="6. Dashboard verification" finished-at="2022-11-21T16:27:42 IST" duration-ms="594" status="PASS">
          <reporter-output>
          </reporter-output>
        </test-method> <!-- wrapUp -->
      </class> <!-- com.tests.DashboardTest -->
      <class name="com.tests.BuyNowTest">
        <test-method is-config="true" signature="setup()[pri:0, instance:com.tests.BuyNowTest@26d9b808]" started-at="2022-11-21T16:09:50 IST" name="setup" test-instance-name="4. BuyNow" finished-at="2022-11-21T16:09:51 IST" duration-ms="714" status="PASS">
          <reporter-output>
          </reporter-output>
        </test-method> <!-- setup -->
        <test-method signature="BuyNowSearchProducyUsingKeywordandNetBankingPayment()[pri:0, instance:com.tests.BuyNowTest@26d9b808]" started-at="2022-11-21T16:09:51 IST" name="BuyNowSearchProducyUsingKeywordandNetBankingPayment" description="1. Search Product by &#039;keywordsearch&#039; and BuyNow with Netbanking payment - Functionality test" test-instance-name="4. BuyNow" finished-at="2022-11-21T16:10:59 IST" duration-ms="68047" status="PASS">
          <reporter-output>
          </reporter-output>
        </test-method> <!-- BuyNowSearchProducyUsingKeywordandNetBankingPayment -->
        <test-method is-config="true" signature="wrapUp()[pri:0, instance:com.tests.BuyNowTest@26d9b808]" started-at="2022-11-21T16:10:59 IST" name="wrapUp" test-instance-name="4. BuyNow" finished-at="2022-11-21T16:10:59 IST" duration-ms="166" status="PASS">
          <reporter-output>
          </reporter-output>
        </test-method> <!-- wrapUp -->
      </class> <!-- com.tests.BuyNowTest -->
      <class name="com.tests.LoginTest">
        <test-method is-config="true" signature="globalSetup()[pri:0, instance:com.tests.LoginTest@d86a6f]" started-at="2022-11-21T16:08:41 IST" name="globalSetup" test-instance-name="1. Email/Password Login Test" finished-at="2022-11-21T16:08:41 IST" duration-ms="112" status="PASS">
          <reporter-output>
          </reporter-output>
        </test-method> <!-- globalSetup -->
        <test-method is-config="true" signature="setup()[pri:0, instance:com.tests.LoginTest@d86a6f]" started-at="2022-11-21T16:08:41 IST" name="setup" test-instance-name="1. Email/Password Login Test" finished-at="2022-11-21T16:08:43 IST" duration-ms="2546" status="PASS">
          <reporter-output>
          </reporter-output>
        </test-method> <!-- setup -->
        <test-method signature="loginPage()[pri:0, instance:com.tests.LoginTest@d86a6f]" started-at="2022-11-21T16:08:43 IST" name="loginPage" description="Validating Email/Pass Login Functionality" test-instance-name="1. Email/Password Login Test" finished-at="2022-11-21T16:08:54 IST" duration-ms="11053" status="PASS">
          <reporter-output>
          </reporter-output>
        </test-method> <!-- loginPage -->
        <test-method is-config="true" signature="wrapUp()[pri:0, instance:com.tests.LoginTest@d86a6f]" started-at="2022-11-21T16:08:55 IST" name="wrapUp" test-instance-name="1. Email/Password Login Test" finished-at="2022-11-21T16:08:55 IST" duration-ms="119" status="PASS">
          <reporter-output>
          </reporter-output>
        </test-method> <!-- wrapUp -->
        <test-method is-config="true" signature="wrapAllUp(org.testng.ITestContext)[pri:0, instance:com.tests.LoginTest@d86a6f]" started-at="2022-11-21T16:35:23 IST" name="wrapAllUp" test-instance-name="1. Email/Password Login Test" finished-at="2022-11-21T16:35:23 IST" duration-ms="7" status="PASS">
          <params>
            <param index="0">
              <value>
                <![CDATA[org.testng.TestRunner@2aa176de]]>
              </value>
            </param>
          </params>
          <reporter-output>
          </reporter-output>
        </test-method> <!-- wrapAllUp -->
      </class> <!-- com.tests.LoginTest -->
      <class name="com.tests.AutoBidTest">
        <test-method is-config="true" signature="setup()[pri:0, instance:com.tests.AutoBidTest@740cae06]" started-at="2022-11-21T16:09:10 IST" name="setup" test-instance-name="3. AutoBid" finished-at="2022-11-21T16:09:11 IST" duration-ms="698" status="PASS">
          <reporter-output>
          </reporter-output>
        </test-method> <!-- setup -->
        <test-method signature="AutoBidByKeywordSearchandNetBankingPayment()[pri:0, instance:com.tests.AutoBidTest@740cae06]" started-at="2022-11-21T16:09:11 IST" name="AutoBidByKeywordSearchandNetBankingPayment" description="1.Search Product by &#039;keywordsearch&#039; and start AutoBid with Netbanking payment - Functionality test" test-instance-name="3. AutoBid" finished-at="2022-11-21T16:09:50 IST" duration-ms="38611" status="PASS">
          <reporter-output>
          </reporter-output>
        </test-method> <!-- AutoBidByKeywordSearchandNetBankingPayment -->
        <test-method is-config="true" signature="wrapUp()[pri:0, instance:com.tests.AutoBidTest@740cae06]" started-at="2022-11-21T16:09:50 IST" name="wrapUp" test-instance-name="3. AutoBid" finished-at="2022-11-21T16:09:50 IST" duration-ms="103" status="PASS">
          <reporter-output>
          </reporter-output>
        </test-method> <!-- wrapUp -->
      </class> <!-- com.tests.AutoBidTest -->
    </test> <!-- Regression Test Part 1 -->
  </suite> <!-- Suite -->
</testng-results>
