<?xml version="1.0" encoding="UTF-8"?>
<testng-results ignored="0" total="1" passed="1" failed="0" skipped="0">
  <reporter-output>
  </reporter-output>
  <suite started-at="2022-07-24T14:29:03 IST" name="Default suite" finished-at="2022-07-24T14:29:46 IST" duration-ms="43545">
    <groups>
    </groups>
    <test started-at="2022-07-24T14:29:03 IST" name="Default test" finished-at="2022-07-24T14:29:46 IST" duration-ms="43545">
      <class name="com.tests.StartAuctionTest">
        <test-method is-config="true" signature="globalSetup()[pri:0, instance:com.tests.StartAuctionTest@5d7148e2]" started-at="2022-07-24T14:29:02 IST" name="globalSetup" test-instance-name="Start Auction" finished-at="2022-07-24T14:29:03 IST" duration-ms="135" status="PASS">
          <reporter-output>
          </reporter-output>
        </test-method> <!-- globalSetup -->
        <test-method is-config="true" signature="setup()[pri:0, instance:com.tests.StartAuctionTest@5d7148e2]" started-at="2022-07-24T14:29:03 IST" name="setup" test-instance-name="Start Auction" finished-at="2022-07-24T14:29:08 IST" duration-ms="5036" status="PASS">
          <reporter-output>
          </reporter-output>
        </test-method> <!-- setup -->
        <test-method signature="StartAuctionPage()[pri:0, instance:com.tests.StartAuctionTest@5d7148e2]" started-at="2022-07-24T14:29:08 IST" name="StartAuctionPage" description="Start Auction Functionality" test-instance-name="Start Auction" finished-at="2022-07-24T14:29:42 IST" duration-ms="33989" status="PASS">
          <reporter-output>
          </reporter-output>
        </test-method> <!-- StartAuctionPage -->
        <test-method is-config="true" signature="wrapUp()[pri:0, instance:com.tests.StartAuctionTest@5d7148e2]" started-at="2022-07-24T14:29:42 IST" name="wrapUp" test-instance-name="Start Auction" finished-at="2022-07-24T14:29:46 IST" duration-ms="4283" status="PASS">
          <reporter-output>
          </reporter-output>
        </test-method> <!-- wrapUp -->
        <test-method is-config="true" signature="wrapAllUp(org.testng.ITestContext)[pri:0, instance:com.tests.StartAuctionTest@5d7148e2]" started-at="2022-07-24T14:29:46 IST" name="wrapAllUp" test-instance-name="Start Auction" finished-at="2022-07-24T14:29:46 IST" duration-ms="3" status="PASS">
          <params>
            <param index="0">
              <value>
                <![CDATA[org.testng.TestRunner@40709f9]]>
              </value>
            </param>
          </params>
          <reporter-output>
          </reporter-output>
        </test-method> <!-- wrapAllUp -->
      </class> <!-- com.tests.StartAuctionTest -->
    </test> <!-- Default test -->
  </suite> <!-- Default suite -->
</testng-results>
